<?xml version="1.0" encoding="UTF-8"?>
<!-- Generated by org.testng.reporters.JUnitReportReporter -->
<testsuite hostname="LAVA-DESKTOP" failures="0" tests="1" name="textCases.TC_01_UserLogin" time="12.006" errors="0" timestamp="2024-08-22T21:39:57 IST" skipped="0">
  <testcase classname="textCases.TC_01_UserLogin" name="Test_Userlogin" time="12.006"/>
</testsuite> <!-- textCases.TC_01_UserLogin -->
